[0.051s] Invoking command in '/home/dev/robot0_ws/build/mobile_robot': CMAKE_PREFIX_PATH=${CMAKE_PREFIX_PATH}:/opt/ros/humble /usr/bin/cmake /home/dev/robot0_ws/src/mobile_robot -DCMAKE_INSTALL_PREFIX=/home/dev/robot0_ws/install/mobile_robot
[0.292s] -- The C compiler identification is GNU 11.4.0
[0.568s] -- The CXX compiler identification is GNU 11.4.0
[0.607s] -- Detecting C compiler ABI info
[0.936s] -- Detecting C compiler ABI info - done
[0.979s] -- Check for working C compiler: /usr/bin/cc - skipped
[0.980s] -- Detecting C compile features
[0.982s] -- Detecting C compile features - done
[0.999s] -- Detecting CXX compiler ABI info
[1.536s] -- Detecting CXX compiler ABI info - done
[1.586s] -- Check for working CXX compiler: /usr/bin/c++ - skipped
[1.588s] -- Detecting CXX compile features
[1.590s] -- Detecting CXX compile features - done
[1.604s] -- Found ament_cmake: 1.3.10 (/opt/ros/humble/share/ament_cmake/cmake)
[2.694s] -- Found Python3: /usr/bin/python3 (found version "3.10.12") found components: Interpreter 
[3.366s] -- Found ament_lint_auto: 0.12.11 (/opt/ros/humble/share/ament_lint_auto/cmake)
[3.888s] -- Added test 'lint_cmake' to check CMake code style
[3.901s] -- Added test 'xmllint' to check XML markup files
[3.903s] -- Configuring done
[3.918s] -- Generating done
[3.924s] -- Build files have been written to: /home/dev/robot0_ws/build/mobile_robot
[3.952s] Invoked command in '/home/dev/robot0_ws/build/mobile_robot' returned '0': CMAKE_PREFIX_PATH=${CMAKE_PREFIX_PATH}:/opt/ros/humble /usr/bin/cmake /home/dev/robot0_ws/src/mobile_robot -DCMAKE_INSTALL_PREFIX=/home/dev/robot0_ws/install/mobile_robot
[3.960s] Invoking command in '/home/dev/robot0_ws/build/mobile_robot': CMAKE_PREFIX_PATH=${CMAKE_PREFIX_PATH}:/opt/ros/humble /usr/bin/cmake --build /home/dev/robot0_ws/build/mobile_robot -- -j4 -l4
[4.192s] Invoked command in '/home/dev/robot0_ws/build/mobile_robot' returned '0': CMAKE_PREFIX_PATH=${CMAKE_PREFIX_PATH}:/opt/ros/humble /usr/bin/cmake --build /home/dev/robot0_ws/build/mobile_robot -- -j4 -l4
[4.408s] Invoking command in '/home/dev/robot0_ws/build/mobile_robot': CMAKE_PREFIX_PATH=${CMAKE_PREFIX_PATH}:/opt/ros/humble /usr/bin/cmake --install /home/dev/robot0_ws/build/mobile_robot
[4.440s] -- Install configuration: ""
[4.441s] -- Installing: /home/dev/robot0_ws/install/mobile_robot/share/ament_index/resource_index/package_run_dependencies/mobile_robot
[4.442s] -- Installing: /home/dev/robot0_ws/install/mobile_robot/share/ament_index/resource_index/parent_prefix_path/mobile_robot
[4.443s] -- Installing: /home/dev/robot0_ws/install/mobile_robot/share/mobile_robot/environment/ament_prefix_path.sh
[4.444s] -- Installing: /home/dev/robot0_ws/install/mobile_robot/share/mobile_robot/environment/ament_prefix_path.dsv
[4.445s] -- Installing: /home/dev/robot0_ws/install/mobile_robot/share/mobile_robot/environment/path.sh
[4.446s] -- Installing: /home/dev/robot0_ws/install/mobile_robot/share/mobile_robot/environment/path.dsv
[4.447s] -- Installing: /home/dev/robot0_ws/install/mobile_robot/share/mobile_robot/local_setup.bash
[4.450s] -- Installing: /home/dev/robot0_ws/install/mobile_robot/share/mobile_robot/local_setup.sh
[4.450s] -- Installing: /home/dev/robot0_ws/install/mobile_robot/share/mobile_robot/local_setup.zsh
[4.451s] -- Installing: /home/dev/robot0_ws/install/mobile_robot/share/mobile_robot/local_setup.dsv
[4.452s] -- Installing: /home/dev/robot0_ws/install/mobile_robot/share/mobile_robot/package.dsv
[4.456s] -- Installing: /home/dev/robot0_ws/install/mobile_robot/share/ament_index/resource_index/packages/mobile_robot
[4.457s] -- Installing: /home/dev/robot0_ws/install/mobile_robot/share/mobile_robot/cmake/mobile_robotConfig.cmake
[4.458s] -- Installing: /home/dev/robot0_ws/install/mobile_robot/share/mobile_robot/cmake/mobile_robotConfig-version.cmake
[4.459s] -- Installing: /home/dev/robot0_ws/install/mobile_robot/share/mobile_robot/package.xml
[4.467s] Invoked command in '/home/dev/robot0_ws/build/mobile_robot' returned '0': CMAKE_PREFIX_PATH=${CMAKE_PREFIX_PATH}:/opt/ros/humble /usr/bin/cmake --install /home/dev/robot0_ws/build/mobile_robot
