[0.636s] DEBUG:colcon:Command line arguments: ['/usr/bin/colcon', 'build']
[0.636s] DEBUG:colcon:Parsed command line arguments: Namespace(log_base=None, log_level=None, verb_name='build', build_base='build', install_base='install', merge_install=False, symlink_install=False, test_result_base=None, continue_on_error=False, executor='parallel', parallel_workers=4, event_handlers=None, ignore_user_meta=False, metas=['./colcon.meta'], base_paths=['.'], packages_ignore=None, packages_ignore_regex=None, paths=None, packages_up_to=None, packages_up_to_regex=None, packages_above=None, packages_above_and_dependencies=None, packages_above_depth=None, packages_select_by_dep=None, packages_skip_by_dep=None, packages_skip_up_to=None, packages_select_build_failed=False, packages_skip_build_finished=False, packages_select_test_failures=False, packages_skip_test_passed=False, packages_select=None, packages_skip=None, packages_select_regex=None, packages_skip_regex=None, packages_start=None, packages_end=None, allow_overriding=[], cmake_args=None, cmake_target=None, cmake_target_skip_unavailable=False, cmake_clean_cache=False, cmake_clean_first=False, cmake_force_configure=False, ament_cmake_args=None, catkin_cmake_args=None, catkin_skip_building_tests=False, mixin_files=None, mixin=None, verb_parser=<colcon_mixin.mixin.mixin_argument.MixinArgumentDecorator object at 0x75a91169e0e0>, verb_extension=<colcon_core.verb.build.BuildVerb object at 0x75a91169dc30>, main=<bound method BuildVerb.main of <colcon_core.verb.build.BuildVerb object at 0x75a91169dc30>>, mixin_verb=('build',))
[1.512s] Level 1:colcon.colcon_core.package_discovery:discover_packages(colcon_meta) check parameters
[1.513s] Level 1:colcon.colcon_core.package_discovery:discover_packages(recursive) check parameters
[1.513s] Level 1:colcon.colcon_core.package_discovery:discover_packages(ignore) check parameters
[1.513s] Level 1:colcon.colcon_core.package_discovery:discover_packages(path) check parameters
[1.513s] Level 1:colcon.colcon_core.package_discovery:discover_packages(colcon_meta) discover
[1.513s] Level 1:colcon.colcon_core.package_discovery:discover_packages(recursive) discover
[1.514s] INFO:colcon.colcon_core.package_discovery:Crawling recursively for packages in '/home/dev/robot0_ws'
[1.514s] Level 1:colcon.colcon_core.package_identification:_identify(.) by extensions ['ignore', 'ignore_ament_install']
[1.514s] Level 1:colcon.colcon_core.package_identification:_identify(.) by extension 'ignore'
[1.515s] Level 1:colcon.colcon_core.package_identification:_identify(.) by extension 'ignore_ament_install'
[1.515s] Level 1:colcon.colcon_core.package_identification:_identify(.) by extensions ['colcon_pkg']
[1.515s] Level 1:colcon.colcon_core.package_identification:_identify(.) by extension 'colcon_pkg'
[1.515s] Level 1:colcon.colcon_core.package_identification:_identify(.) by extensions ['colcon_meta']
[1.515s] Level 1:colcon.colcon_core.package_identification:_identify(.) by extension 'colcon_meta'
[1.515s] Level 1:colcon.colcon_core.package_identification:_identify(.) by extensions ['ros']
[1.516s] Level 1:colcon.colcon_core.package_identification:_identify(.) by extension 'ros'
[1.563s] Level 1:colcon.colcon_core.package_identification:_identify(.) by extensions ['cmake', 'python']
[1.563s] Level 1:colcon.colcon_core.package_identification:_identify(.) by extension 'cmake'
[1.564s] Level 1:colcon.colcon_core.package_identification:_identify(.) by extension 'python'
[1.564s] Level 1:colcon.colcon_core.package_identification:_identify(.) by extensions ['python_setup_py']
[1.564s] Level 1:colcon.colcon_core.package_identification:_identify(.) by extension 'python_setup_py'
[1.564s] Level 1:colcon.colcon_core.package_identification:_identify(build) by extensions ['ignore', 'ignore_ament_install']
[1.565s] Level 1:colcon.colcon_core.package_identification:_identify(build) by extension 'ignore'
[1.565s] Level 1:colcon.colcon_core.package_identification:_identify(build) ignored
[1.566s] Level 1:colcon.colcon_core.package_identification:_identify(install) by extensions ['ignore', 'ignore_ament_install']
[1.566s] Level 1:colcon.colcon_core.package_identification:_identify(install) by extension 'ignore'
[1.566s] Level 1:colcon.colcon_core.package_identification:_identify(install) ignored
[1.567s] Level 1:colcon.colcon_core.package_identification:_identify(log) by extensions ['ignore', 'ignore_ament_install']
[1.567s] Level 1:colcon.colcon_core.package_identification:_identify(log) by extension 'ignore'
[1.567s] Level 1:colcon.colcon_core.package_identification:_identify(log) ignored
[1.567s] Level 1:colcon.colcon_core.package_identification:_identify(src) by extensions ['ignore', 'ignore_ament_install']
[1.568s] Level 1:colcon.colcon_core.package_identification:_identify(src) by extension 'ignore'
[1.568s] Level 1:colcon.colcon_core.package_identification:_identify(src) by extension 'ignore_ament_install'
[1.568s] Level 1:colcon.colcon_core.package_identification:_identify(src) by extensions ['colcon_pkg']
[1.568s] Level 1:colcon.colcon_core.package_identification:_identify(src) by extension 'colcon_pkg'
[1.569s] Level 1:colcon.colcon_core.package_identification:_identify(src) by extensions ['colcon_meta']
[1.569s] Level 1:colcon.colcon_core.package_identification:_identify(src) by extension 'colcon_meta'
[1.569s] Level 1:colcon.colcon_core.package_identification:_identify(src) by extensions ['ros']
[1.569s] Level 1:colcon.colcon_core.package_identification:_identify(src) by extension 'ros'
[1.569s] Level 1:colcon.colcon_core.package_identification:_identify(src) by extensions ['cmake', 'python']
[1.570s] Level 1:colcon.colcon_core.package_identification:_identify(src) by extension 'cmake'
[1.570s] Level 1:colcon.colcon_core.package_identification:_identify(src) by extension 'python'
[1.570s] Level 1:colcon.colcon_core.package_identification:_identify(src) by extensions ['python_setup_py']
[1.570s] Level 1:colcon.colcon_core.package_identification:_identify(src) by extension 'python_setup_py'
[1.571s] Level 1:colcon.colcon_core.package_identification:_identify(src/mobile_robot) by extensions ['ignore', 'ignore_ament_install']
[1.571s] Level 1:colcon.colcon_core.package_identification:_identify(src/mobile_robot) by extension 'ignore'
[1.571s] Level 1:colcon.colcon_core.package_identification:_identify(src/mobile_robot) by extension 'ignore_ament_install'
[1.571s] Level 1:colcon.colcon_core.package_identification:_identify(src/mobile_robot) by extensions ['colcon_pkg']
[1.572s] Level 1:colcon.colcon_core.package_identification:_identify(src/mobile_robot) by extension 'colcon_pkg'
[1.572s] Level 1:colcon.colcon_core.package_identification:_identify(src/mobile_robot) by extensions ['colcon_meta']
[1.572s] Level 1:colcon.colcon_core.package_identification:_identify(src/mobile_robot) by extension 'colcon_meta'
[1.572s] Level 1:colcon.colcon_core.package_identification:_identify(src/mobile_robot) by extensions ['ros']
[1.572s] Level 1:colcon.colcon_core.package_identification:_identify(src/mobile_robot) by extension 'ros'
[1.582s] DEBUG:colcon.colcon_core.package_identification:Package 'src/mobile_robot' with type 'ros.ament_cmake' and name 'mobile_robot'
[1.582s] Level 1:colcon.colcon_core.package_discovery:discover_packages(recursive) using defaults
[1.582s] Level 1:colcon.colcon_core.package_discovery:discover_packages(ignore) discover
[1.582s] Level 1:colcon.colcon_core.package_discovery:discover_packages(ignore) using defaults
[1.582s] Level 1:colcon.colcon_core.package_discovery:discover_packages(path) discover
[1.582s] Level 1:colcon.colcon_core.package_discovery:discover_packages(path) using defaults
[1.703s] Level 1:colcon.colcon_core.package_discovery:discover_packages(prefix_path) check parameters
[1.703s] Level 1:colcon.colcon_core.package_discovery:discover_packages(prefix_path) discover
[1.718s] DEBUG:colcon.colcon_installed_package_information.package_discovery:Found 2 installed packages in /home/dev/ros2_ws/ATech_ws/install
[1.727s] DEBUG:colcon.colcon_installed_package_information.package_discovery:Found 327 installed packages in /opt/ros/humble
[1.737s] Level 1:colcon.colcon_core.package_discovery:discover_packages(prefix_path) using defaults
[1.970s] Level 5:colcon.colcon_core.verb:set package 'mobile_robot' build argument 'cmake_args' from command line to 'None'
[1.970s] Level 5:colcon.colcon_core.verb:set package 'mobile_robot' build argument 'cmake_target' from command line to 'None'
[1.970s] Level 5:colcon.colcon_core.verb:set package 'mobile_robot' build argument 'cmake_target_skip_unavailable' from command line to 'False'
[1.970s] Level 5:colcon.colcon_core.verb:set package 'mobile_robot' build argument 'cmake_clean_cache' from command line to 'False'
[1.970s] Level 5:colcon.colcon_core.verb:set package 'mobile_robot' build argument 'cmake_clean_first' from command line to 'False'
[1.970s] Level 5:colcon.colcon_core.verb:set package 'mobile_robot' build argument 'cmake_force_configure' from command line to 'False'
[1.970s] Level 5:colcon.colcon_core.verb:set package 'mobile_robot' build argument 'ament_cmake_args' from command line to 'None'
[1.971s] Level 5:colcon.colcon_core.verb:set package 'mobile_robot' build argument 'catkin_cmake_args' from command line to 'None'
[1.971s] Level 5:colcon.colcon_core.verb:set package 'mobile_robot' build argument 'catkin_skip_building_tests' from command line to 'False'
[1.971s] DEBUG:colcon.colcon_core.verb:Building package 'mobile_robot' with the following arguments: {'ament_cmake_args': None, 'build_base': '/home/dev/robot0_ws/build/mobile_robot', 'catkin_cmake_args': None, 'catkin_skip_building_tests': False, 'cmake_args': None, 'cmake_clean_cache': False, 'cmake_clean_first': False, 'cmake_force_configure': False, 'cmake_target': None, 'cmake_target_skip_unavailable': False, 'install_base': '/home/dev/robot0_ws/install/mobile_robot', 'merge_install': False, 'path': '/home/dev/robot0_ws/src/mobile_robot', 'symlink_install': False, 'test_result_base': None}
[1.971s] INFO:colcon.colcon_core.executor:Executing jobs using 'parallel' executor
[1.975s] DEBUG:colcon.colcon_parallel_executor.executor.parallel:run_until_complete
[1.976s] INFO:colcon.colcon_ros.task.ament_cmake.build:Building ROS package in '/home/dev/robot0_ws/src/mobile_robot' with build type 'ament_cmake'
[1.976s] INFO:colcon.colcon_cmake.task.cmake.build:Building CMake package in '/home/dev/robot0_ws/src/mobile_robot'
[1.993s] INFO:colcon.colcon_core.plugin_system:Skipping extension 'colcon_core.shell.bat': Not used on non-Windows systems
[1.993s] INFO:colcon.colcon_core.shell:Skip shell extension 'powershell' for command environment: Not usable outside of PowerShell
[1.994s] DEBUG:colcon.colcon_core.shell:Skip shell extension 'dsv' for command environment
[2.031s] DEBUG:colcon.colcon_core.event_handler.log_command:Invoking command in '/home/dev/robot0_ws/build/mobile_robot': CMAKE_PREFIX_PATH=${CMAKE_PREFIX_PATH}:/opt/ros/humble /usr/bin/cmake /home/dev/robot0_ws/src/mobile_robot -DCMAKE_INSTALL_PREFIX=/home/dev/robot0_ws/install/mobile_robot
[5.931s] DEBUG:colcon.colcon_core.event_handler.log_command:Invoked command in '/home/dev/robot0_ws/build/mobile_robot' returned '0': CMAKE_PREFIX_PATH=${CMAKE_PREFIX_PATH}:/opt/ros/humble /usr/bin/cmake /home/dev/robot0_ws/src/mobile_robot -DCMAKE_INSTALL_PREFIX=/home/dev/robot0_ws/install/mobile_robot
[5.939s] DEBUG:colcon.colcon_core.event_handler.log_command:Invoking command in '/home/dev/robot0_ws/build/mobile_robot': CMAKE_PREFIX_PATH=${CMAKE_PREFIX_PATH}:/opt/ros/humble /usr/bin/cmake --build /home/dev/robot0_ws/build/mobile_robot -- -j4 -l4
[6.171s] DEBUG:colcon.colcon_core.event_handler.log_command:Invoked command in '/home/dev/robot0_ws/build/mobile_robot' returned '0': CMAKE_PREFIX_PATH=${CMAKE_PREFIX_PATH}:/opt/ros/humble /usr/bin/cmake --build /home/dev/robot0_ws/build/mobile_robot -- -j4 -l4
[6.387s] DEBUG:colcon.colcon_core.event_handler.log_command:Invoking command in '/home/dev/robot0_ws/build/mobile_robot': CMAKE_PREFIX_PATH=${CMAKE_PREFIX_PATH}:/opt/ros/humble /usr/bin/cmake --install /home/dev/robot0_ws/build/mobile_robot
[6.444s] Level 1:colcon.colcon_core.environment:create_environment_scripts_only(mobile_robot)
[6.446s] DEBUG:colcon.colcon_core.event_handler.log_command:Invoked command in '/home/dev/robot0_ws/build/mobile_robot' returned '0': CMAKE_PREFIX_PATH=${CMAKE_PREFIX_PATH}:/opt/ros/humble /usr/bin/cmake --install /home/dev/robot0_ws/build/mobile_robot
[6.476s] Level 1:colcon.colcon_core.environment:checking '/home/dev/robot0_ws/install/mobile_robot' for CMake module files
[6.480s] Level 1:colcon.colcon_core.environment:checking '/home/dev/robot0_ws/install/mobile_robot' for CMake config files
[6.483s] Level 1:colcon.colcon_core.shell:create_environment_hook('mobile_robot', 'cmake_prefix_path')
[6.484s] INFO:colcon.colcon_core.shell:Creating environment hook '/home/dev/robot0_ws/install/mobile_robot/share/mobile_robot/hook/cmake_prefix_path.ps1'
[6.489s] INFO:colcon.colcon_core.shell:Creating environment descriptor '/home/dev/robot0_ws/install/mobile_robot/share/mobile_robot/hook/cmake_prefix_path.dsv'
[6.493s] INFO:colcon.colcon_core.shell:Creating environment hook '/home/dev/robot0_ws/install/mobile_robot/share/mobile_robot/hook/cmake_prefix_path.sh'
[6.500s] Level 1:colcon.colcon_core.environment:checking '/home/dev/robot0_ws/install/mobile_robot/bin'
[6.501s] Level 1:colcon.colcon_core.environment:checking '/home/dev/robot0_ws/install/mobile_robot/lib/pkgconfig/mobile_robot.pc'
[6.503s] Level 1:colcon.colcon_core.environment:checking '/home/dev/robot0_ws/install/mobile_robot/lib/python3.10/site-packages'
[6.504s] Level 1:colcon.colcon_core.environment:checking '/home/dev/robot0_ws/install/mobile_robot/bin'
[6.506s] INFO:colcon.colcon_core.shell:Creating package script '/home/dev/robot0_ws/install/mobile_robot/share/mobile_robot/package.ps1'
[6.512s] INFO:colcon.colcon_core.shell:Creating package descriptor '/home/dev/robot0_ws/install/mobile_robot/share/mobile_robot/package.dsv'
[6.518s] INFO:colcon.colcon_core.shell:Creating package script '/home/dev/robot0_ws/install/mobile_robot/share/mobile_robot/package.sh'
[6.524s] INFO:colcon.colcon_core.shell:Creating package script '/home/dev/robot0_ws/install/mobile_robot/share/mobile_robot/package.bash'
[6.529s] INFO:colcon.colcon_core.shell:Creating package script '/home/dev/robot0_ws/install/mobile_robot/share/mobile_robot/package.zsh'
[6.534s] Level 1:colcon.colcon_core.environment:create_file_with_runtime_dependencies(/home/dev/robot0_ws/install/mobile_robot/share/colcon-core/packages/mobile_robot)
[6.676s] Level 1:colcon.colcon_core.environment:create_environment_scripts_only(mobile_robot)
[6.681s] Level 1:colcon.colcon_core.environment:checking '/home/dev/robot0_ws/install/mobile_robot' for CMake module files
[6.686s] Level 1:colcon.colcon_core.environment:checking '/home/dev/robot0_ws/install/mobile_robot' for CMake config files
[6.687s] Level 1:colcon.colcon_core.shell:create_environment_hook('mobile_robot', 'cmake_prefix_path')
[6.688s] INFO:colcon.colcon_core.shell:Creating environment hook '/home/dev/robot0_ws/install/mobile_robot/share/mobile_robot/hook/cmake_prefix_path.ps1'
[6.691s] INFO:colcon.colcon_core.shell:Creating environment descriptor '/home/dev/robot0_ws/install/mobile_robot/share/mobile_robot/hook/cmake_prefix_path.dsv'
[6.694s] INFO:colcon.colcon_core.shell:Creating environment hook '/home/dev/robot0_ws/install/mobile_robot/share/mobile_robot/hook/cmake_prefix_path.sh'
[6.703s] Level 1:colcon.colcon_core.environment:checking '/home/dev/robot0_ws/install/mobile_robot/bin'
[6.703s] Level 1:colcon.colcon_core.environment:checking '/home/dev/robot0_ws/install/mobile_robot/lib/pkgconfig/mobile_robot.pc'
[6.705s] Level 1:colcon.colcon_core.environment:checking '/home/dev/robot0_ws/install/mobile_robot/lib/python3.10/site-packages'
[6.707s] Level 1:colcon.colcon_core.environment:checking '/home/dev/robot0_ws/install/mobile_robot/bin'
[6.708s] INFO:colcon.colcon_core.shell:Creating package script '/home/dev/robot0_ws/install/mobile_robot/share/mobile_robot/package.ps1'
[6.712s] INFO:colcon.colcon_core.shell:Creating package descriptor '/home/dev/robot0_ws/install/mobile_robot/share/mobile_robot/package.dsv'
[6.716s] INFO:colcon.colcon_core.shell:Creating package script '/home/dev/robot0_ws/install/mobile_robot/share/mobile_robot/package.sh'
[6.720s] INFO:colcon.colcon_core.shell:Creating package script '/home/dev/robot0_ws/install/mobile_robot/share/mobile_robot/package.bash'
[6.724s] INFO:colcon.colcon_core.shell:Creating package script '/home/dev/robot0_ws/install/mobile_robot/share/mobile_robot/package.zsh'
[6.728s] Level 1:colcon.colcon_core.environment:create_file_with_runtime_dependencies(/home/dev/robot0_ws/install/mobile_robot/share/colcon-core/packages/mobile_robot)
[6.730s] DEBUG:colcon.colcon_parallel_executor.executor.parallel:closing loop
[6.731s] DEBUG:colcon.colcon_parallel_executor.executor.parallel:loop closed
[6.731s] DEBUG:colcon.colcon_parallel_executor.executor.parallel:run_until_complete finished with '0'
[6.733s] DEBUG:colcon.colcon_core.event_reactor:joining thread
[6.822s] INFO:colcon.colcon_core.plugin_system:Skipping extension 'colcon_notification.desktop_notification.terminal_notifier': Not used on non-Darwin systems
[6.822s] INFO:colcon.colcon_core.plugin_system:Skipping extension 'colcon_notification.desktop_notification.win32': Not used on non-Windows systems
[6.825s] INFO:colcon.colcon_notification.desktop_notification:Sending desktop notification using 'notify2'
[6.932s] DEBUG:colcon.colcon_core.event_reactor:joined thread
[6.934s] INFO:colcon.colcon_core.shell:Creating prefix script '/home/dev/robot0_ws/install/local_setup.ps1'
[6.942s] INFO:colcon.colcon_core.shell:Creating prefix util module '/home/dev/robot0_ws/install/_local_setup_util_ps1.py'
[6.954s] INFO:colcon.colcon_core.shell:Creating prefix chain script '/home/dev/robot0_ws/install/setup.ps1'
[6.965s] INFO:colcon.colcon_core.shell:Creating prefix script '/home/dev/robot0_ws/install/local_setup.sh'
[6.971s] INFO:colcon.colcon_core.shell:Creating prefix util module '/home/dev/robot0_ws/install/_local_setup_util_sh.py'
[6.975s] INFO:colcon.colcon_core.shell:Creating prefix chain script '/home/dev/robot0_ws/install/setup.sh'
[6.985s] INFO:colcon.colcon_core.shell:Creating prefix script '/home/dev/robot0_ws/install/local_setup.bash'
[6.990s] INFO:colcon.colcon_core.shell:Creating prefix chain script '/home/dev/robot0_ws/install/setup.bash'
[6.998s] INFO:colcon.colcon_core.shell:Creating prefix script '/home/dev/robot0_ws/install/local_setup.zsh'
[7.005s] INFO:colcon.colcon_core.shell:Creating prefix chain script '/home/dev/robot0_ws/install/setup.zsh'
