[0.050s] Invoking command in '/home/dev/robot0_ws/build/mobile_robot': CMAKE_PREFIX_PATH=${CMAKE_PREFIX_PATH}:/opt/ros/humble /usr/bin/cmake --build /home/dev/robot0_ws/build/mobile_robot -- -j4 -l4
[0.162s] -- Found ament_cmake: 1.3.10 (/opt/ros/humble/share/ament_cmake/cmake)
[0.742s] -- Found ament_lint_auto: 0.12.11 (/opt/ros/humble/share/ament_lint_auto/cmake)
[1.083s] -- Added test 'flake8' to check Python code syntax and style conventions
[1.088s] -- Added test 'lint_cmake' to check CMake code style
[1.091s] -- Added test 'pep257' to check Python code against some of the docstring style conventions in PEP 257
[1.099s] -- Added test 'xmllint' to check XML markup files
[1.105s] -- Configuring done
[1.124s] -- Generating done
[1.130s] -- Build files have been written to: /home/dev/robot0_ws/build/mobile_robot
[1.210s] Invoked command in '/home/dev/robot0_ws/build/mobile_robot' returned '0': CMAKE_PREFIX_PATH=${CMAKE_PREFIX_PATH}:/opt/ros/humble /usr/bin/cmake --build /home/dev/robot0_ws/build/mobile_robot -- -j4 -l4
[1.332s] Invoking command in '/home/dev/robot0_ws/build/mobile_robot': CMAKE_PREFIX_PATH=${CMAKE_PREFIX_PATH}:/opt/ros/humble /usr/bin/cmake --install /home/dev/robot0_ws/build/mobile_robot
[1.360s] -- Install configuration: ""
[1.360s] -- Installing: /home/dev/robot0_ws/install/mobile_robot/share/mobile_robot/model
[1.361s] -- Installing: /home/dev/robot0_ws/install/mobile_robot/share/mobile_robot/model/robot.gazebo.xacro
[1.362s] -- Installing: /home/dev/robot0_ws/install/mobile_robot/share/mobile_robot/model/robot.urdf.xacro
[1.362s] -- Installing: /home/dev/robot0_ws/install/mobile_robot/share/mobile_robot/launch
[1.363s] -- Installing: /home/dev/robot0_ws/install/mobile_robot/share/mobile_robot/launch/gazibo.launch.py
[1.364s] -- Installing: /home/dev/robot0_ws/install/mobile_robot/share/ament_index/resource_index/package_run_dependencies/mobile_robot
[1.365s] -- Up-to-date: /home/dev/robot0_ws/install/mobile_robot/share/ament_index/resource_index/parent_prefix_path/mobile_robot
[1.365s] -- Up-to-date: /home/dev/robot0_ws/install/mobile_robot/share/mobile_robot/environment/ament_prefix_path.sh
[1.366s] -- Installing: /home/dev/robot0_ws/install/mobile_robot/share/mobile_robot/environment/ament_prefix_path.dsv
[1.367s] -- Up-to-date: /home/dev/robot0_ws/install/mobile_robot/share/mobile_robot/environment/path.sh
[1.367s] -- Installing: /home/dev/robot0_ws/install/mobile_robot/share/mobile_robot/environment/path.dsv
[1.368s] -- Up-to-date: /home/dev/robot0_ws/install/mobile_robot/share/mobile_robot/local_setup.bash
[1.368s] -- Up-to-date: /home/dev/robot0_ws/install/mobile_robot/share/mobile_robot/local_setup.sh
[1.369s] -- Up-to-date: /home/dev/robot0_ws/install/mobile_robot/share/mobile_robot/local_setup.zsh
[1.370s] -- Installing: /home/dev/robot0_ws/install/mobile_robot/share/mobile_robot/local_setup.dsv
[1.370s] -- Installing: /home/dev/robot0_ws/install/mobile_robot/share/mobile_robot/package.dsv
[1.371s] -- Up-to-date: /home/dev/robot0_ws/install/mobile_robot/share/ament_index/resource_index/packages/mobile_robot
[1.371s] -- Up-to-date: /home/dev/robot0_ws/install/mobile_robot/share/mobile_robot/cmake/mobile_robotConfig.cmake
[1.371s] -- Up-to-date: /home/dev/robot0_ws/install/mobile_robot/share/mobile_robot/cmake/mobile_robotConfig-version.cmake
[1.372s] -- Installing: /home/dev/robot0_ws/install/mobile_robot/share/mobile_robot/package.xml
[1.376s] Invoked command in '/home/dev/robot0_ws/build/mobile_robot' returned '0': CMAKE_PREFIX_PATH=${CMAKE_PREFIX_PATH}:/opt/ros/humble /usr/bin/cmake --install /home/dev/robot0_ws/build/mobile_robot
