[3.007s] DEBUG:colcon:Command line arguments: ['/usr/bin/colcon', 'list', '-p', '--base-paths', '/home/dev/robot0_ws']
[3.009s] DEBUG:colcon:Parsed command line arguments: Namespace(log_base=None, log_level=None, verb_name='list', build_base='build', ignore_user_meta=False, metas=['./colcon.meta'], base_paths=['/home/dev/robot0_ws'], packages_ignore=None, packages_ignore_regex=None, paths=None, packages_up_to=None, packages_up_to_regex=None, packages_above=None, packages_above_and_dependencies=None, packages_above_depth=None, packages_select_by_dep=None, packages_skip_by_dep=None, packages_skip_up_to=None, packages_select_build_failed=False, packages_skip_build_finished=False, packages_select_test_failures=False, packages_skip_test_passed=False, packages_select=None, packages_skip=None, packages_select_regex=None, packages_skip_regex=None, packages_start=None, packages_end=None, allow_overriding=[], topological_order=False, names_only=False, paths_only=True, topological_graph=False, topological_graph_dot=False, topological_graph_density=False, topological_graph_legend=False, topological_graph_dot_cluster=False, topological_graph_dot_include_skipped=False, mixin_files=None, mixin=None, verb_parser=<colcon_mixin.mixin.mixin_argument.MixinArgumentDecorator object at 0x7546b41c2da0>, verb_extension=<colcon_package_information.verb.list.ListVerb object at 0x7546b4182dd0>, main=<bound method ListVerb.main of <colcon_package_information.verb.list.ListVerb object at 0x7546b4182dd0>>, mixin_verb=('list',))
[5.593s] Level 1:colcon.colcon_core.package_discovery:discover_packages(colcon_meta) check parameters
[5.594s] Level 1:colcon.colcon_core.package_discovery:discover_packages(recursive) check parameters
[5.594s] Level 1:colcon.colcon_core.package_discovery:discover_packages(ignore) check parameters
[5.594s] Level 1:colcon.colcon_core.package_discovery:discover_packages(path) check parameters
[5.595s] Level 1:colcon.colcon_core.package_discovery:discover_packages(recursive) discover
[5.595s] INFO:colcon.colcon_core.package_discovery:Crawling recursively for packages in '/home/dev/robot0_ws'
[5.596s] Level 1:colcon.colcon_core.package_identification:_identify(/home/dev/robot0_ws) by extensions ['ignore', 'ignore_ament_install']
[5.596s] Level 1:colcon.colcon_core.package_identification:_identify(/home/dev/robot0_ws) by extension 'ignore'
[5.597s] Level 1:colcon.colcon_core.package_identification:_identify(/home/dev/robot0_ws) by extension 'ignore_ament_install'
[5.598s] Level 1:colcon.colcon_core.package_identification:_identify(/home/dev/robot0_ws) by extensions ['colcon_pkg']
[5.598s] Level 1:colcon.colcon_core.package_identification:_identify(/home/dev/robot0_ws) by extension 'colcon_pkg'
[5.598s] Level 1:colcon.colcon_core.package_identification:_identify(/home/dev/robot0_ws) by extensions ['colcon_meta']
[5.599s] Level 1:colcon.colcon_core.package_identification:_identify(/home/dev/robot0_ws) by extension 'colcon_meta'
[5.599s] Level 1:colcon.colcon_core.package_identification:_identify(/home/dev/robot0_ws) by extensions ['ros']
[5.600s] Level 1:colcon.colcon_core.package_identification:_identify(/home/dev/robot0_ws) by extension 'ros'
[5.705s] Level 1:colcon.colcon_core.package_identification:_identify(/home/dev/robot0_ws) by extensions ['cmake', 'python']
[5.705s] Level 1:colcon.colcon_core.package_identification:_identify(/home/dev/robot0_ws) by extension 'cmake'
[5.706s] Level 1:colcon.colcon_core.package_identification:_identify(/home/dev/robot0_ws) by extension 'python'
[5.709s] Level 1:colcon.colcon_core.package_identification:_identify(/home/dev/robot0_ws) by extensions ['python_setup_py']
[5.710s] Level 1:colcon.colcon_core.package_identification:_identify(/home/dev/robot0_ws) by extension 'python_setup_py'
[5.711s] Level 1:colcon.colcon_core.package_identification:_identify(/home/dev/robot0_ws/build) by extensions ['ignore', 'ignore_ament_install']
[5.717s] Level 1:colcon.colcon_core.package_identification:_identify(/home/dev/robot0_ws/build) by extension 'ignore'
[5.717s] Level 1:colcon.colcon_core.package_identification:_identify(/home/dev/robot0_ws/build) ignored
[5.719s] Level 1:colcon.colcon_core.package_identification:_identify(/home/dev/robot0_ws/install) by extensions ['ignore', 'ignore_ament_install']
[5.720s] Level 1:colcon.colcon_core.package_identification:_identify(/home/dev/robot0_ws/install) by extension 'ignore'
[5.720s] Level 1:colcon.colcon_core.package_identification:_identify(/home/dev/robot0_ws/install) ignored
[5.722s] Level 1:colcon.colcon_core.package_identification:_identify(/home/dev/robot0_ws/log) by extensions ['ignore', 'ignore_ament_install']
[5.723s] Level 1:colcon.colcon_core.package_identification:_identify(/home/dev/robot0_ws/log) by extension 'ignore'
[5.723s] Level 1:colcon.colcon_core.package_identification:_identify(/home/dev/robot0_ws/log) ignored
[5.724s] Level 1:colcon.colcon_core.package_identification:_identify(/home/dev/robot0_ws/src) by extensions ['ignore', 'ignore_ament_install']
[5.725s] Level 1:colcon.colcon_core.package_identification:_identify(/home/dev/robot0_ws/src) by extension 'ignore'
[5.725s] Level 1:colcon.colcon_core.package_identification:_identify(/home/dev/robot0_ws/src) by extension 'ignore_ament_install'
[5.726s] Level 1:colcon.colcon_core.package_identification:_identify(/home/dev/robot0_ws/src) by extensions ['colcon_pkg']
[5.726s] Level 1:colcon.colcon_core.package_identification:_identify(/home/dev/robot0_ws/src) by extension 'colcon_pkg'
[5.726s] Level 1:colcon.colcon_core.package_identification:_identify(/home/dev/robot0_ws/src) by extensions ['colcon_meta']
[5.727s] Level 1:colcon.colcon_core.package_identification:_identify(/home/dev/robot0_ws/src) by extension 'colcon_meta'
[5.727s] Level 1:colcon.colcon_core.package_identification:_identify(/home/dev/robot0_ws/src) by extensions ['ros']
[5.727s] Level 1:colcon.colcon_core.package_identification:_identify(/home/dev/robot0_ws/src) by extension 'ros'
[5.728s] Level 1:colcon.colcon_core.package_identification:_identify(/home/dev/robot0_ws/src) by extensions ['cmake', 'python']
[5.728s] Level 1:colcon.colcon_core.package_identification:_identify(/home/dev/robot0_ws/src) by extension 'cmake'
[5.729s] Level 1:colcon.colcon_core.package_identification:_identify(/home/dev/robot0_ws/src) by extension 'python'
[5.729s] Level 1:colcon.colcon_core.package_identification:_identify(/home/dev/robot0_ws/src) by extensions ['python_setup_py']
[5.729s] Level 1:colcon.colcon_core.package_identification:_identify(/home/dev/robot0_ws/src) by extension 'python_setup_py'
[5.730s] Level 1:colcon.colcon_core.package_identification:_identify(/home/dev/robot0_ws/src/mobile_robot) by extensions ['ignore', 'ignore_ament_install']
[5.731s] Level 1:colcon.colcon_core.package_identification:_identify(/home/dev/robot0_ws/src/mobile_robot) by extension 'ignore'
[5.731s] Level 1:colcon.colcon_core.package_identification:_identify(/home/dev/robot0_ws/src/mobile_robot) by extension 'ignore_ament_install'
[5.731s] Level 1:colcon.colcon_core.package_identification:_identify(/home/dev/robot0_ws/src/mobile_robot) by extensions ['colcon_pkg']
[5.732s] Level 1:colcon.colcon_core.package_identification:_identify(/home/dev/robot0_ws/src/mobile_robot) by extension 'colcon_pkg'
[5.732s] Level 1:colcon.colcon_core.package_identification:_identify(/home/dev/robot0_ws/src/mobile_robot) by extensions ['colcon_meta']
[5.732s] Level 1:colcon.colcon_core.package_identification:_identify(/home/dev/robot0_ws/src/mobile_robot) by extension 'colcon_meta'
[5.733s] Level 1:colcon.colcon_core.package_identification:_identify(/home/dev/robot0_ws/src/mobile_robot) by extensions ['ros']
[5.733s] Level 1:colcon.colcon_core.package_identification:_identify(/home/dev/robot0_ws/src/mobile_robot) by extension 'ros'
[5.750s] DEBUG:colcon.colcon_core.package_identification:Package '/home/dev/robot0_ws/src/mobile_robot' with type 'ros.ament_cmake' and name 'mobile_robot'
[5.751s] Level 1:colcon.colcon_core.package_discovery:discover_packages(recursive) using defaults
